C:\Users\Ylenia\Desktop\VV-D_4_CUCINA\EKBACKEN_802.752.17.dwg,A711,30/06/2017 11:17:53,Ylenia,AutoCAD PDF (High Quality Print).pc3,ISO pagina intera A2 (594 x 420 mm),1:1,
C:\Users\Ylenia\Desktop\VV-D_4_CUCINA\METOD - MAXIMERA_091.098.02.dwg,A701,02/07/2017 19:28:34,Ylenia,_AutoCAD PDF (High Quality Print).pc3,ISO pagina intera A2 (594 x 420 mm),1:1,
C:\Users\Ylenia\Desktop\VV-D_4_CUCINA\METOD - MAXIMERA_091.098.02.dwg,A702,02/07/2017 19:28:38,Ylenia,_AutoCAD PDF (High Quality Print).pc3,ISO pagina intera A2 (594 x 420 mm),1:1,
C:\Users\Ylenia\Desktop\VV-D_4_CUCINA\METOD - MAXIMERA_091.098.02.dwg,A703,02/07/2017 19:28:43,Ylenia,_AutoCAD PDF (High Quality Print).pc3,ISO pagina intera A2 (594 x 420 mm),1:1,
C:\Users\Ylenia\Desktop\VV-D_4_CUCINA\METOD - MAXIMERA_091.098.02.dwg,A704,02/07/2017 19:28:48,Ylenia,_AutoCAD PDF (High Quality Print).pc3,ISO pagina intera A2 (594 x 420 mm),1:1,
C:\Users\Ylenia\Desktop\VV-D_4_CUCINA\METOD - MAXIMERA_091.098.02.dwg,A705,02/07/2017 19:28:53,Ylenia,_AutoCAD PDF (High Quality Print).pc3,ISO pagina intera A2 (594 x 420 mm),1:1,
C:\Users\Ylenia\Desktop\VV-D_4_CUCINA\METOD - MAXIMERA_091.049.84.dwg,A706,02/07/2017 19:33:53,Ylenia,_AutoCAD PDF (High Quality Print).pc3,ISO pagina intera A2 (594 x 420 mm),1:1,
C:\Users\Ylenia\Desktop\VV-D_4_CUCINA\METOD - MAXIMERA_091.049.84.dwg,A707,02/07/2017 19:33:57,Ylenia,_AutoCAD PDF (High Quality Print).pc3,ISO pagina intera A2 (594 x 420 mm),1:1,
C:\Users\Ylenia\Desktop\VV-D_4_CUCINA\METOD - MAXIMERA_091.049.84.dwg,A706,02/07/2017 19:35:41,Ylenia,_AutoCAD PDF (High Quality Print).pc3,ISO pagina intera A2 (594 x 420 mm),1:1,
C:\Users\Ylenia\Desktop\VV-D_4_CUCINA\METOD - MAXIMERA_091.049.84.dwg,A707,02/07/2017 19:35:45,Ylenia,_AutoCAD PDF (High Quality Print).pc3,ISO pagina intera A2 (594 x 420 mm),1:1,
C:\Users\Ylenia\Desktop\VV-D_4_CUCINA\METOD - MAXIMERA_591.099.94.dwg,A712,02/07/2017 19:41:15,Ylenia,_AutoCAD PDF (High Quality Print).pc3,ISO pagina intera A2 (594 x 420 mm),1:1,
C:\Users\Ylenia\Desktop\VV-D_4_CUCINA\METOD - MAXIMERA_591.099.94.dwg,A713,02/07/2017 19:41:19,Ylenia,_AutoCAD PDF (High Quality Print).pc3,ISO pagina intera A2 (594 x 420 mm),1:1,
C:\Users\Ylenia\Desktop\VV-D_4_CUCINA\METOD - MAXIMERA_591.099.94.dwg,A712,02/07/2017 19:42:57,Ylenia,_AutoCAD PDF (High Quality Print).pc3,ISO pagina intera A2 (594 x 420 mm),1:1,
C:\Users\Ylenia\Desktop\VV-D_4_CUCINA\METOD - MAXIMERA_591.099.94.dwg,A713,02/07/2017 19:43:01,Ylenia,_AutoCAD PDF (High Quality Print).pc3,ISO pagina intera A2 (594 x 420 mm),1:1,
C:\Users\Ylenia\Desktop\VV-D_4_CUCINA\METOD MOBILE BASE_690.640.99.dwg,A708,02/07/2017 19:45:37,Ylenia,_AutoCAD PDF (High Quality Print).pc3,ISO pagina intera A2 (594 x 420 mm),1:1,
C:\Users\Ylenia\Desktop\VV-D_4_CUCINA\METOD MOBILE BASE_690.640.99.dwg,A709,02/07/2017 19:45:41,Ylenia,_AutoCAD PDF (High Quality Print).pc3,ISO pagina intera A2 (594 x 420 mm),1:1,
C:\Users\Ylenia\Desktop\VV-D_4_CUCINA\METOD MOBILE BASE_690.640.99.dwg,A710,02/07/2017 19:45:46,Ylenia,_AutoCAD PDF (High Quality Print).pc3,ISO pagina intera A2 (594 x 420 mm),1:1,
C:\Users\Ylenia\Desktop\VV-D_4_CUCINA\METOD_099.198.64.dwg,A714,02/07/2017 19:47:53,Ylenia,_AutoCAD PDF (High Quality Print).pc3,ISO pagina intera A2 (594 x 420 mm),1:1,
C:\Users\Ylenia\Desktop\VV-D_4_CUCINA\METOD_099.198.64.dwg,A715,02/07/2017 19:47:57,Ylenia,_AutoCAD PDF (High Quality Print).pc3,ISO pagina intera A2 (594 x 420 mm),1:1,
C:\Users\Ylenia\Desktop\VV-D_4_CUCINA\METOD_099.198.64.dwg,A716,02/07/2017 19:48:02,Ylenia,_AutoCAD PDF (High Quality Print).pc3,ISO pagina intera A2 (594 x 420 mm),1:1,
C:\Users\Ylenia\Desktop\VV-D_4_CUCINA\VV-D_4_CUCINA.dwg,A401,03/07/2017 11:18:47,Ylenia,_AutoCAD PDF (High Quality Print).pc3,ISO pagina intera A2 (594 x 420 mm),1:1,
C:\Users\Ylenia\Desktop\VV-D_4_CUCINA\VV-D_4_CUCINA.dwg,A403,03/07/2017 11:18:51,Ylenia,_AutoCAD PDF (High Quality Print).pc3,ISO pagina intera A2 (594 x 420 mm),1:1,
C:\Users\Ylenia\Desktop\VV-D_4_CUCINA\VV-D_4_CUCINA.dwg,A402,03/07/2017 11:18:56,Ylenia,_AutoCAD PDF (High Quality Print).pc3,ISO pagina intera A2 (594 x 420 mm),1:1,
C:\Users\Ylenia\Desktop\VV-D_4_CUCINA\VV-D_4_CUCINA.dwg,A401,03/07/2017 11:37:08,Ylenia,_AutoCAD PDF (High Quality Print).pc3,ISO pagina intera A2 (594 x 420 mm),1:1,
C:\Users\Ylenia\Desktop\VV-D_4_CUCINA\VV-D_4_CUCINA.dwg,A403,03/07/2017 11:37:12,Ylenia,_AutoCAD PDF (High Quality Print).pc3,ISO pagina intera A2 (594 x 420 mm),1:1,
C:\Users\Ylenia\Desktop\VV-D_4_CUCINA\VV-D_4_CUCINA.dwg,A402,03/07/2017 11:37:17,Ylenia,_AutoCAD PDF (High Quality Print).pc3,ISO pagina intera A2 (594 x 420 mm),1:1,
C:\Users\Ylenia\Desktop\VV-D_4_CUCINA\VV-D_4_CUCINA.dwg,A401,03/07/2017 11:46:22,Ylenia,_AutoCAD PDF (High Quality Print).pc3,ISO pagina intera A2 (594 x 420 mm),1:1,
C:\Users\Ylenia\Desktop\VV-D_4_CUCINA\VV-D_4_CUCINA.dwg,A403,03/07/2017 11:46:26,Ylenia,_AutoCAD PDF (High Quality Print).pc3,ISO pagina intera A2 (594 x 420 mm),1:1,
C:\Users\Ylenia\Desktop\VV-D_4_CUCINA\VV-D_4_CUCINA.dwg,A402,03/07/2017 11:46:31,Ylenia,_AutoCAD PDF (High Quality Print).pc3,ISO pagina intera A2 (594 x 420 mm),1:1,
C:\Users\Ylenia\Desktop\VV-D_4_CUCINA\VV-D_4_CUCINA.dwg,A401,03/07/2017 11:56:32,Ylenia,_AutoCAD PDF (High Quality Print).pc3,ISO pagina intera A2 (594 x 420 mm),1:1,
C:\Users\Ylenia\Desktop\VV-D_4_CUCINA\VV-D_4_CUCINA.dwg,A403,03/07/2017 11:56:36,Ylenia,_AutoCAD PDF (High Quality Print).pc3,ISO pagina intera A2 (594 x 420 mm),1:1,
C:\Users\Ylenia\Desktop\VV-D_4_CUCINA\VV-D_4_CUCINA.dwg,A402,03/07/2017 11:56:41,Ylenia,_AutoCAD PDF (High Quality Print).pc3,ISO pagina intera A2 (594 x 420 mm),1:1,
C:\Users\Ylenia\Desktop\VV-D_4_CUCINA\EKBACKEN_802.752.17.dwg,A711,03/07/2017 12:11:56,Ylenia,_AutoCAD PDF (High Quality Print).pc3,ISO pagina intera A2 (594 x 420 mm),1:1,
C:\Users\Ylenia\Desktop\VV-D_4_CUCINA\METOD - MAXIMERA_091.049.84.dwg,A706,03/07/2017 12:26:24,Ylenia,_AutoCAD PDF (High Quality Print).pc3,ISO pagina intera A2 (594 x 420 mm),1:1,
C:\Users\Ylenia\Desktop\VV-D_4_CUCINA\METOD - MAXIMERA_091.049.84.dwg,A707,03/07/2017 12:26:28,Ylenia,_AutoCAD PDF (High Quality Print).pc3,ISO pagina intera A2 (594 x 420 mm),1:1,
C:\Users\Ylenia\Desktop\VV-D_4_CUCINA\METOD - MAXIMERA_091.098.02.dwg,A701,03/07/2017 12:51:52,Ylenia,_AutoCAD PDF (High Quality Print).pc3,ISO pagina intera A2 (594 x 420 mm),1:1,
C:\Users\Ylenia\Desktop\VV-D_4_CUCINA\METOD - MAXIMERA_091.098.02.dwg,A702,03/07/2017 12:51:56,Ylenia,_AutoCAD PDF (High Quality Print).pc3,ISO pagina intera A2 (594 x 420 mm),1:1,
C:\Users\Ylenia\Desktop\VV-D_4_CUCINA\METOD - MAXIMERA_091.098.02.dwg,A703,03/07/2017 12:52:01,Ylenia,_AutoCAD PDF (High Quality Print).pc3,ISO pagina intera A2 (594 x 420 mm),1:1,
C:\Users\Ylenia\Desktop\VV-D_4_CUCINA\METOD - MAXIMERA_091.098.02.dwg,A704,03/07/2017 12:52:06,Ylenia,_AutoCAD PDF (High Quality Print).pc3,ISO pagina intera A2 (594 x 420 mm),1:1,
C:\Users\Ylenia\Desktop\VV-D_4_CUCINA\METOD - MAXIMERA_091.098.02.dwg,A705,03/07/2017 12:52:11,Ylenia,_AutoCAD PDF (High Quality Print).pc3,ISO pagina intera A2 (594 x 420 mm),1:1,
C:\Users\Ylenia\Desktop\VV-D_4_CUCINA\METOD - MAXIMERA_091.098.02.dwg,A701,03/07/2017 12:55:25,Ylenia,_AutoCAD PDF (High Quality Print).pc3,ISO pagina intera A2 (594 x 420 mm),1:1,
C:\Users\Ylenia\Desktop\VV-D_4_CUCINA\METOD - MAXIMERA_091.098.02.dwg,A702,03/07/2017 12:55:29,Ylenia,_AutoCAD PDF (High Quality Print).pc3,ISO pagina intera A2 (594 x 420 mm),1:1,
C:\Users\Ylenia\Desktop\VV-D_4_CUCINA\METOD - MAXIMERA_091.098.02.dwg,A703,03/07/2017 12:55:34,Ylenia,_AutoCAD PDF (High Quality Print).pc3,ISO pagina intera A2 (594 x 420 mm),1:1,
C:\Users\Ylenia\Desktop\VV-D_4_CUCINA\METOD - MAXIMERA_091.098.02.dwg,A704,03/07/2017 12:55:39,Ylenia,_AutoCAD PDF (High Quality Print).pc3,ISO pagina intera A2 (594 x 420 mm),1:1,
C:\Users\Ylenia\Desktop\VV-D_4_CUCINA\METOD - MAXIMERA_091.098.02.dwg,A705,03/07/2017 12:55:44,Ylenia,_AutoCAD PDF (High Quality Print).pc3,ISO pagina intera A2 (594 x 420 mm),1:1,
C:\Users\Ylenia\Desktop\VV-D_4_CUCINA\EKBACKEN_802.752.17.dwg,A711,03/07/2017 12:58:36,Ylenia,_AutoCAD PDF (High Quality Print).pc3,ISO pagina intera A2 (594 x 420 mm),1:1,
C:\Users\Ylenia\Desktop\VV-D_4_CUCINA\METOD - MAXIMERA_591.099.94.dwg,A712,03/07/2017 13:06:18,Ylenia,_AutoCAD PDF (High Quality Print).pc3,ISO pagina intera A2 (594 x 420 mm),1:1,
C:\Users\Ylenia\Desktop\VV-D_4_CUCINA\METOD - MAXIMERA_591.099.94.dwg,A713,03/07/2017 13:06:22,Ylenia,_AutoCAD PDF (High Quality Print).pc3,ISO pagina intera A2 (594 x 420 mm),1:1,
C:\Users\Ylenia\Desktop\VV-D_4_CUCINA\METOD MOBILE BASE_690.640.99.dwg,A708,03/07/2017 13:14:03,Ylenia,_AutoCAD PDF (High Quality Print).pc3,ISO pagina intera A2 (594 x 420 mm),1:1,
C:\Users\Ylenia\Desktop\VV-D_4_CUCINA\METOD MOBILE BASE_690.640.99.dwg,A709,03/07/2017 13:14:06,Ylenia,_AutoCAD PDF (High Quality Print).pc3,ISO pagina intera A2 (594 x 420 mm),1:1,
C:\Users\Ylenia\Desktop\VV-D_4_CUCINA\METOD MOBILE BASE_690.640.99.dwg,A710,03/07/2017 13:14:11,Ylenia,_AutoCAD PDF (High Quality Print).pc3,ISO pagina intera A2 (594 x 420 mm),1:1,
C:\Users\Ylenia\Desktop\VV-D_4_CUCINA\METOD_099.198.64.dwg,A714,03/07/2017 13:20:27,Ylenia,_AutoCAD PDF (High Quality Print).pc3,ISO pagina intera A2 (594 x 420 mm),1:1,
C:\Users\Ylenia\Desktop\VV-D_4_CUCINA\METOD_099.198.64.dwg,A715,03/07/2017 13:20:31,Ylenia,_AutoCAD PDF (High Quality Print).pc3,ISO pagina intera A2 (594 x 420 mm),1:1,
C:\Users\Ylenia\Desktop\VV-D_4_CUCINA\METOD_099.198.64.dwg,A716,03/07/2017 13:20:36,Ylenia,_AutoCAD PDF (High Quality Print).pc3,ISO pagina intera A2 (594 x 420 mm),1:1,
C:\Users\Ylenia\Desktop\VV-D_4_CUCINA\METOD_099.198.64.dwg,A714,03/07/2017 13:23:32,Ylenia,_AutoCAD PDF (High Quality Print).pc3,ISO pagina intera A2 (594 x 420 mm),1:1,
C:\Users\Ylenia\Desktop\VV-D_4_CUCINA\METOD_099.198.64.dwg,A715,03/07/2017 13:23:36,Ylenia,_AutoCAD PDF (High Quality Print).pc3,ISO pagina intera A2 (594 x 420 mm),1:1,
C:\Users\Ylenia\Desktop\VV-D_4_CUCINA\METOD_099.198.64.dwg,A716,03/07/2017 13:23:41,Ylenia,_AutoCAD PDF (High Quality Print).pc3,ISO pagina intera A2 (594 x 420 mm),1:1,
C:\Users\Ylenia\Desktop\VV-D_4_CUCINA\METOD - MAXIMERA_091.098.02.dwg,A701,03/07/2017 13:37:35,Ylenia,_AutoCAD PDF (High Quality Print).pc3,ISO pagina intera A2 (594 x 420 mm),1:1,
C:\Users\Ylenia\Desktop\VV-D_4_CUCINA\METOD - MAXIMERA_091.098.02.dwg,A702,03/07/2017 13:37:39,Ylenia,_AutoCAD PDF (High Quality Print).pc3,ISO pagina intera A2 (594 x 420 mm),1:1,
C:\Users\Ylenia\Desktop\VV-D_4_CUCINA\METOD - MAXIMERA_091.098.02.dwg,A703,03/07/2017 13:37:44,Ylenia,_AutoCAD PDF (High Quality Print).pc3,ISO pagina intera A2 (594 x 420 mm),1:1,
C:\Users\Ylenia\Desktop\VV-D_4_CUCINA\METOD - MAXIMERA_091.098.02.dwg,A704,03/07/2017 13:37:49,Ylenia,_AutoCAD PDF (High Quality Print).pc3,ISO pagina intera A2 (594 x 420 mm),1:1,
C:\Users\Ylenia\Desktop\VV-D_4_CUCINA\METOD - MAXIMERA_091.098.02.dwg,A705,03/07/2017 13:37:54,Ylenia,_AutoCAD PDF (High Quality Print).pc3,ISO pagina intera A2 (594 x 420 mm),1:1,
C:\Users\Ylenia\Desktop\VV-D_4_CUCINA\METOD - MAXIMERA_091.098.02.dwg,A701,03/07/2017 13:41:24,Ylenia,_AutoCAD PDF (High Quality Print).pc3,ISO pagina intera A2 (594 x 420 mm),1:1,
C:\Users\Ylenia\Desktop\VV-D_4_CUCINA\METOD - MAXIMERA_091.098.02.dwg,A702,03/07/2017 13:41:28,Ylenia,_AutoCAD PDF (High Quality Print).pc3,ISO pagina intera A2 (594 x 420 mm),1:1,
C:\Users\Ylenia\Desktop\VV-D_4_CUCINA\METOD - MAXIMERA_091.098.02.dwg,A703,03/07/2017 13:41:33,Ylenia,_AutoCAD PDF (High Quality Print).pc3,ISO pagina intera A2 (594 x 420 mm),1:1,
C:\Users\Ylenia\Desktop\VV-D_4_CUCINA\METOD - MAXIMERA_091.098.02.dwg,A704,03/07/2017 13:41:38,Ylenia,_AutoCAD PDF (High Quality Print).pc3,ISO pagina intera A2 (594 x 420 mm),1:1,
C:\Users\Ylenia\Desktop\VV-D_4_CUCINA\METOD - MAXIMERA_091.098.02.dwg,A705,03/07/2017 13:41:43,Ylenia,_AutoCAD PDF (High Quality Print).pc3,ISO pagina intera A2 (594 x 420 mm),1:1,
C:\Users\Ylenia\Desktop\VV-D_4_CUCINA\VV-D_4_CUCINA.dwg,A401,03/07/2017 18:18:44,Ylenia,_AutoCAD PDF (High Quality Print).pc3,ISO pagina intera A2 (594 x 420 mm),1:1,
C:\Users\Ylenia\Desktop\VV-D_4_CUCINA\VV-D_4_CUCINA.dwg,A403,03/07/2017 18:18:48,Ylenia,_AutoCAD PDF (High Quality Print).pc3,ISO pagina intera A2 (594 x 420 mm),1:1,
C:\Users\Ylenia\Desktop\VV-D_4_CUCINA\VV-D_4_CUCINA.dwg,A402,03/07/2017 18:18:53,Ylenia,_AutoCAD PDF (High Quality Print).pc3,ISO pagina intera A2 (594 x 420 mm),1:1,
C:\Users\Ylenia\Desktop\VV-D_4_CUCINA\VV-D_4_CUCINA.dwg,A401,12/07/2017 10:40:13,Ylenia,_AutoCAD PDF (High Quality Print).pc3,ISO pagina intera A2 (594 x 420 mm),1:1,
C:\Users\Ylenia\Desktop\VV-D_4_CUCINA\VV-D_4_CUCINA.dwg,A403,12/07/2017 10:40:17,Ylenia,_AutoCAD PDF (High Quality Print).pc3,ISO pagina intera A2 (594 x 420 mm),1:1,
C:\Users\Ylenia\Desktop\VV-D_4_CUCINA\VV-D_4_CUCINA.dwg,A402,12/07/2017 10:40:22,Ylenia,_AutoCAD PDF (High Quality Print).pc3,ISO pagina intera A2 (594 x 420 mm),1:1,
C:\Users\Ylenia\Desktop\VV-D_4_CUCINA\VV-D_4_CUCINA.dwg,A401,12/07/2017 10:43:03,Ylenia,_AutoCAD PDF (High Quality Print).pc3,ISO pagina intera A2 (594 x 420 mm),1:1,
C:\Users\Ylenia\Desktop\VV-D_4_CUCINA\VV-D_4_CUCINA.dwg,A403,12/07/2017 10:43:07,Ylenia,_AutoCAD PDF (High Quality Print).pc3,ISO pagina intera A2 (594 x 420 mm),1:1,
C:\Users\Ylenia\Desktop\VV-D_4_CUCINA\VV-D_4_CUCINA.dwg,A402,12/07/2017 10:43:12,Ylenia,_AutoCAD PDF (High Quality Print).pc3,ISO pagina intera A2 (594 x 420 mm),1:1,
C:\Users\Ylenia\Desktop\VV-D_4_CUCINA\VV-D_4_CUCINA.dwg,A401,12/07/2017 10:44:52,Ylenia,_AutoCAD PDF (High Quality Print).pc3,ISO pagina intera A2 (594 x 420 mm),1:1,
C:\Users\Ylenia\Desktop\VV-D_4_CUCINA\VV-D_4_CUCINA.dwg,A403,12/07/2017 10:44:56,Ylenia,_AutoCAD PDF (High Quality Print).pc3,ISO pagina intera A2 (594 x 420 mm),1:1,
C:\Users\Ylenia\Desktop\VV-D_4_CUCINA\VV-D_4_CUCINA.dwg,A402,12/07/2017 10:45:01,Ylenia,_AutoCAD PDF (High Quality Print).pc3,ISO pagina intera A2 (594 x 420 mm),1:1,
C:\Users\Ylenia\Desktop\VV-D_4_CUCINA\METOD - MAXIMERA_091.098.02.dwg,A701,12/07/2017 11:11:34,Ylenia,_AutoCAD PDF (High Quality Print).pc3,ISO pagina intera A2 (594 x 420 mm),1:1,
C:\Users\Ylenia\Desktop\VV-D_4_CUCINA\METOD - MAXIMERA_091.098.02.dwg,A702,12/07/2017 11:11:37,Ylenia,_AutoCAD PDF (High Quality Print).pc3,ISO pagina intera A2 (594 x 420 mm),1:1,
C:\Users\Ylenia\Desktop\VV-D_4_CUCINA\METOD - MAXIMERA_091.098.02.dwg,A703,12/07/2017 11:11:42,Ylenia,_AutoCAD PDF (High Quality Print).pc3,ISO pagina intera A2 (594 x 420 mm),1:1,
C:\Users\Ylenia\Desktop\VV-D_4_CUCINA\METOD - MAXIMERA_091.098.02.dwg,A704,12/07/2017 11:11:47,Ylenia,_AutoCAD PDF (High Quality Print).pc3,ISO pagina intera A2 (594 x 420 mm),1:1,
C:\Users\Ylenia\Desktop\VV-D_4_CUCINA\METOD - MAXIMERA_091.098.02.dwg,A705,12/07/2017 11:11:52,Ylenia,_AutoCAD PDF (High Quality Print).pc3,ISO pagina intera A2 (594 x 420 mm),1:1,
C:\Users\Ylenia\Desktop\VV-D_4_CUCINA\METOD - MAXIMERA_091.098.02.dwg,A701,12/07/2017 11:20:01,Ylenia,_AutoCAD PDF (High Quality Print).pc3,ISO pagina intera A2 (594 x 420 mm),1:1,
C:\Users\Ylenia\Desktop\VV-D_4_CUCINA\METOD - MAXIMERA_091.098.02.dwg,A702,12/07/2017 11:20:05,Ylenia,_AutoCAD PDF (High Quality Print).pc3,ISO pagina intera A2 (594 x 420 mm),1:1,
C:\Users\Ylenia\Desktop\VV-D_4_CUCINA\METOD - MAXIMERA_091.098.02.dwg,A703,12/07/2017 11:20:10,Ylenia,_AutoCAD PDF (High Quality Print).pc3,ISO pagina intera A2 (594 x 420 mm),1:1,
C:\Users\Ylenia\Desktop\VV-D_4_CUCINA\METOD - MAXIMERA_091.098.02.dwg,A704,12/07/2017 11:20:15,Ylenia,_AutoCAD PDF (High Quality Print).pc3,ISO pagina intera A2 (594 x 420 mm),1:1,
C:\Users\Ylenia\Desktop\VV-D_4_CUCINA\METOD - MAXIMERA_091.098.02.dwg,A705,12/07/2017 11:20:20,Ylenia,_AutoCAD PDF (High Quality Print).pc3,ISO pagina intera A2 (594 x 420 mm),1:1,
C:\Users\Ylenia\Desktop\VV-D_4_CUCINA\METOD - MAXIMERA_091.098.02.dwg,A701,12/07/2017 11:22:29,Ylenia,_AutoCAD PDF (High Quality Print).pc3,ISO pagina intera A2 (594 x 420 mm),1:1,
C:\Users\Ylenia\Desktop\VV-D_4_CUCINA\METOD - MAXIMERA_091.098.02.dwg,A702,12/07/2017 11:22:33,Ylenia,_AutoCAD PDF (High Quality Print).pc3,ISO pagina intera A2 (594 x 420 mm),1:1,
C:\Users\Ylenia\Desktop\VV-D_4_CUCINA\METOD - MAXIMERA_091.098.02.dwg,A703,12/07/2017 11:22:38,Ylenia,_AutoCAD PDF (High Quality Print).pc3,ISO pagina intera A2 (594 x 420 mm),1:1,
C:\Users\Ylenia\Desktop\VV-D_4_CUCINA\METOD - MAXIMERA_091.098.02.dwg,A704,12/07/2017 11:22:43,Ylenia,_AutoCAD PDF (High Quality Print).pc3,ISO pagina intera A2 (594 x 420 mm),1:1,
C:\Users\Ylenia\Desktop\VV-D_4_CUCINA\METOD - MAXIMERA_091.098.02.dwg,A705,12/07/2017 11:22:48,Ylenia,_AutoCAD PDF (High Quality Print).pc3,ISO pagina intera A2 (594 x 420 mm),1:1,
C:\Users\Ylenia\Desktop\VV-D_4_CUCINA\METOD - MAXIMERA_091.049.84.dwg,A706,12/07/2017 11:28:37,Ylenia,_AutoCAD PDF (High Quality Print).pc3,ISO pagina intera A2 (594 x 420 mm),1:1,
C:\Users\Ylenia\Desktop\VV-D_4_CUCINA\METOD - MAXIMERA_091.049.84.dwg,A707,12/07/2017 11:28:41,Ylenia,_AutoCAD PDF (High Quality Print).pc3,ISO pagina intera A2 (594 x 420 mm),1:1,
C:\Users\Ylenia\Desktop\VV-D_4_CUCINA\METOD - MAXIMERA_091.049.84.dwg,A706,12/07/2017 11:31:54,Ylenia,_AutoCAD PDF (High Quality Print).pc3,ISO pagina intera A2 (594 x 420 mm),1:1,
C:\Users\Ylenia\Desktop\VV-D_4_CUCINA\METOD - MAXIMERA_091.049.84.dwg,A707,12/07/2017 11:31:58,Ylenia,_AutoCAD PDF (High Quality Print).pc3,ISO pagina intera A2 (594 x 420 mm),1:1,
C:\Users\Ylenia\Desktop\VV-D_4_CUCINA\METOD - MAXIMERA_091.098.02.dwg,A701,12/07/2017 11:34:44,Ylenia,_AutoCAD PDF (High Quality Print).pc3,ISO pagina intera A2 (594 x 420 mm),1:1,
C:\Users\Ylenia\Desktop\VV-D_4_CUCINA\METOD - MAXIMERA_091.098.02.dwg,A702,12/07/2017 11:34:47,Ylenia,_AutoCAD PDF (High Quality Print).pc3,ISO pagina intera A2 (594 x 420 mm),1:1,
C:\Users\Ylenia\Desktop\VV-D_4_CUCINA\METOD - MAXIMERA_091.098.02.dwg,A703,12/07/2017 11:34:52,Ylenia,_AutoCAD PDF (High Quality Print).pc3,ISO pagina intera A2 (594 x 420 mm),1:1,
C:\Users\Ylenia\Desktop\VV-D_4_CUCINA\METOD - MAXIMERA_091.098.02.dwg,A704,12/07/2017 11:34:57,Ylenia,_AutoCAD PDF (High Quality Print).pc3,ISO pagina intera A2 (594 x 420 mm),1:1,
C:\Users\Ylenia\Desktop\VV-D_4_CUCINA\METOD - MAXIMERA_091.098.02.dwg,A705,12/07/2017 11:35:02,Ylenia,_AutoCAD PDF (High Quality Print).pc3,ISO pagina intera A2 (594 x 420 mm),1:1,
C:\Users\Ylenia\Desktop\VV-D_4_CUCINA\METOD MOBILE BASE_690.640.99.dwg,A708,12/07/2017 11:48:00,Ylenia,_AutoCAD PDF (High Quality Print).pc3,ISO pagina intera A2 (594 x 420 mm),1:1,
C:\Users\Ylenia\Desktop\VV-D_4_CUCINA\METOD MOBILE BASE_690.640.99.dwg,A709,12/07/2017 11:48:03,Ylenia,_AutoCAD PDF (High Quality Print).pc3,ISO pagina intera A2 (594 x 420 mm),1:1,
C:\Users\Ylenia\Desktop\VV-D_4_CUCINA\METOD MOBILE BASE_690.640.99.dwg,A710,12/07/2017 11:48:08,Ylenia,_AutoCAD PDF (High Quality Print).pc3,ISO pagina intera A2 (594 x 420 mm),1:1,
C:\Users\Ylenia\Desktop\VV-D_4_CUCINA\METOD MOBILE BASE_690.640.99.dwg,A708,12/07/2017 11:49:36,Ylenia,_AutoCAD PDF (High Quality Print).pc3,ISO pagina intera A2 (594 x 420 mm),1:1,
C:\Users\Ylenia\Desktop\VV-D_4_CUCINA\METOD MOBILE BASE_690.640.99.dwg,A709,12/07/2017 11:49:40,Ylenia,_AutoCAD PDF (High Quality Print).pc3,ISO pagina intera A2 (594 x 420 mm),1:1,
C:\Users\Ylenia\Desktop\VV-D_4_CUCINA\METOD MOBILE BASE_690.640.99.dwg,A710,12/07/2017 11:49:45,Ylenia,_AutoCAD PDF (High Quality Print).pc3,ISO pagina intera A2 (594 x 420 mm),1:1,
C:\Users\Ylenia\Desktop\VV-D_4_CUCINA\EKBACKEN_802.752.17.dwg,A711,12/07/2017 11:54:52,Ylenia,_AutoCAD PDF (High Quality Print).pc3,ISO pagina intera A2 (594 x 420 mm),1:1,
C:\Users\Ylenia\Desktop\VV-D_4_CUCINA\METOD - MAXIMERA_591.099.94.dwg,A712,12/07/2017 12:01:24,Ylenia,_AutoCAD PDF (High Quality Print).pc3,ISO pagina intera A2 (594 x 420 mm),1:1,
C:\Users\Ylenia\Desktop\VV-D_4_CUCINA\METOD - MAXIMERA_591.099.94.dwg,A713,12/07/2017 12:01:27,Ylenia,_AutoCAD PDF (High Quality Print).pc3,ISO pagina intera A2 (594 x 420 mm),1:1,
C:\Users\Ylenia\Desktop\VV-D_4_CUCINA\METOD_099.198.64.dwg,A714,12/07/2017 13:07:08,Ylenia,_AutoCAD PDF (High Quality Print).pc3,ISO pagina intera A2 (594 x 420 mm),1:1,
C:\Users\Ylenia\Desktop\VV-D_4_CUCINA\METOD_099.198.64.dwg,A715,12/07/2017 13:07:13,Ylenia,_AutoCAD PDF (High Quality Print).pc3,ISO pagina intera A2 (594 x 420 mm),1:1,
C:\Users\Ylenia\Desktop\VV-D_4_CUCINA\METOD_099.198.64.dwg,A716,12/07/2017 13:07:18,Ylenia,_AutoCAD PDF (High Quality Print).pc3,ISO pagina intera A2 (594 x 420 mm),1:1,
C:\Users\Ylenia\Desktop\VV-D_4_CUCINA\METOD - MAXIMERA_091.098.02.dwg,A701,12/07/2017 13:24:01,Ylenia,_AutoCAD PDF (High Quality Print).pc3,ISO pagina intera A2 (594 x 420 mm),1:1,
C:\Users\Ylenia\Desktop\VV-D_4_CUCINA\METOD - MAXIMERA_091.098.02.dwg,A702,12/07/2017 13:24:05,Ylenia,_AutoCAD PDF (High Quality Print).pc3,ISO pagina intera A2 (594 x 420 mm),1:1,
C:\Users\Ylenia\Desktop\VV-D_4_CUCINA\METOD - MAXIMERA_091.098.02.dwg,A703,12/07/2017 13:24:10,Ylenia,_AutoCAD PDF (High Quality Print).pc3,ISO pagina intera A2 (594 x 420 mm),1:1,
C:\Users\Ylenia\Desktop\VV-D_4_CUCINA\METOD - MAXIMERA_091.098.02.dwg,A704,12/07/2017 13:24:15,Ylenia,_AutoCAD PDF (High Quality Print).pc3,ISO pagina intera A2 (594 x 420 mm),1:1,
C:\Users\Ylenia\Desktop\VV-D_4_CUCINA\METOD - MAXIMERA_091.098.02.dwg,A705,12/07/2017 13:24:20,Ylenia,_AutoCAD PDF (High Quality Print).pc3,ISO pagina intera A2 (594 x 420 mm),1:1,
C:\Users\Ylenia\Desktop\VV-D_4_CUCINA\VV-D_4_CUCINA.dwg,A401,12/07/2017 13:45:24,Ylenia,_AutoCAD PDF (High Quality Print).pc3,ISO pagina intera A2 (594 x 420 mm),1:1,
C:\Users\Ylenia\Desktop\VV-D_4_CUCINA\VV-D_4_CUCINA.dwg,A403,12/07/2017 13:45:27,Ylenia,_AutoCAD PDF (High Quality Print).pc3,ISO pagina intera A2 (594 x 420 mm),1:1,
C:\Users\Ylenia\Desktop\VV-D_4_CUCINA\VV-D_4_CUCINA.dwg,A402,12/07/2017 13:45:32,Ylenia,_AutoCAD PDF (High Quality Print).pc3,ISO pagina intera A2 (594 x 420 mm),1:1,
C:\Users\Ylenia\Desktop\VV-D_4_CUCINA\METOD - MAXIMERA_091.098.02.dwg,A701,12/07/2017 13:53:54,Ylenia,_AutoCAD PDF (High Quality Print).pc3,ISO pagina intera A2 (594 x 420 mm),1:1,
C:\Users\Ylenia\Desktop\VV-D_4_CUCINA\METOD - MAXIMERA_091.098.02.dwg,A702,12/07/2017 13:53:58,Ylenia,_AutoCAD PDF (High Quality Print).pc3,ISO pagina intera A2 (594 x 420 mm),1:1,
C:\Users\Ylenia\Desktop\VV-D_4_CUCINA\METOD - MAXIMERA_091.098.02.dwg,A703,12/07/2017 13:54:03,Ylenia,_AutoCAD PDF (High Quality Print).pc3,ISO pagina intera A2 (594 x 420 mm),1:1,
C:\Users\Ylenia\Desktop\VV-D_4_CUCINA\METOD - MAXIMERA_091.098.02.dwg,A704,12/07/2017 13:54:08,Ylenia,_AutoCAD PDF (High Quality Print).pc3,ISO pagina intera A2 (594 x 420 mm),1:1,
C:\Users\Ylenia\Desktop\VV-D_4_CUCINA\METOD - MAXIMERA_091.098.02.dwg,A705,12/07/2017 13:54:13,Ylenia,_AutoCAD PDF (High Quality Print).pc3,ISO pagina intera A2 (594 x 420 mm),1:1,
C:\Users\Ylenia\Desktop\VV-D_4_CUCINA\METOD - MAXIMERA_091.049.84.dwg,A706,12/07/2017 13:57:16,Ylenia,_AutoCAD PDF (High Quality Print).pc3,ISO pagina intera A2 (594 x 420 mm),1:1,
C:\Users\Ylenia\Desktop\VV-D_4_CUCINA\METOD - MAXIMERA_091.049.84.dwg,A707,12/07/2017 13:57:19,Ylenia,_AutoCAD PDF (High Quality Print).pc3,ISO pagina intera A2 (594 x 420 mm),1:1,
C:\Users\Ylenia\Desktop\VV-D_4_CUCINA\METOD MOBILE BASE_690.640.99.dwg,A708,12/07/2017 14:01:31,Ylenia,_AutoCAD PDF (High Quality Print).pc3,ISO pagina intera A2 (594 x 420 mm),1:1,
C:\Users\Ylenia\Desktop\VV-D_4_CUCINA\METOD MOBILE BASE_690.640.99.dwg,A709,12/07/2017 14:01:35,Ylenia,_AutoCAD PDF (High Quality Print).pc3,ISO pagina intera A2 (594 x 420 mm),1:1,
C:\Users\Ylenia\Desktop\VV-D_4_CUCINA\METOD MOBILE BASE_690.640.99.dwg,A710,12/07/2017 14:01:40,Ylenia,_AutoCAD PDF (High Quality Print).pc3,ISO pagina intera A2 (594 x 420 mm),1:1,
C:\Users\Ylenia\Desktop\VV-D_4_CUCINA\EKBACKEN_802.752.17.dwg,A711,12/07/2017 14:03:20,Ylenia,_AutoCAD PDF (High Quality Print).pc3,ISO pagina intera A2 (594 x 420 mm),1:1,
C:\Users\Ylenia\Desktop\VV-D_4_CUCINA\METOD - MAXIMERA_591.099.94.dwg,A712,12/07/2017 14:07:00,Ylenia,_AutoCAD PDF (High Quality Print).pc3,ISO pagina intera A2 (594 x 420 mm),1:1,
C:\Users\Ylenia\Desktop\VV-D_4_CUCINA\METOD - MAXIMERA_591.099.94.dwg,A713,12/07/2017 14:07:04,Ylenia,_AutoCAD PDF (High Quality Print).pc3,ISO pagina intera A2 (594 x 420 mm),1:1,
C:\Users\Ylenia\Desktop\VV-D_4_CUCINA\METOD_099.198.64.dwg,A714,12/07/2017 14:10:07,Ylenia,_AutoCAD PDF (High Quality Print).pc3,ISO pagina intera A2 (594 x 420 mm),1:1,
C:\Users\Ylenia\Desktop\VV-D_4_CUCINA\METOD_099.198.64.dwg,A715,12/07/2017 14:10:11,Ylenia,_AutoCAD PDF (High Quality Print).pc3,ISO pagina intera A2 (594 x 420 mm),1:1,
C:\Users\Ylenia\Desktop\VV-D_4_CUCINA\METOD_099.198.64.dwg,A716,12/07/2017 14:10:16,Ylenia,_AutoCAD PDF (High Quality Print).pc3,ISO pagina intera A2 (594 x 420 mm),1:1,
